<?xml version="1.0" encoding="UTF-8"?>
<!-- Generated by org.testng.reporters.JUnitXMLReporter -->
<testsuite hostname="DESKTOP-94HMJT1" ignored="2" name="Regression" tests="2" failures="1" timestamp="18 Aug 2018 16:23:55 GMT" time="44.563" errors="0">
  <testcase name="LoginWithCredentials" time="7.775" classname="org.automation.testcases.LoginTest"/>
  <testcase name="AngularApplicationTest" time="32.662" classname="org.automation.testcases.AngularTests">
    <failure type="org.openqa.selenium.TimeoutException" message="Expected condition failed: waiting for org.automation.helpers.selenium.WebElementFinder$1@a38c7fe (tried for 30 second(s) with 600 milliseconds interval)">
      <![CDATA[org.openqa.selenium.TimeoutException: Expected condition failed: waiting for org.automation.helpers.selenium.WebElementFinder$1@a38c7fe (tried for 30 second(s) with 600 milliseconds interval)
	at org.openqa.selenium.support.ui.FluentWait.timeoutException(FluentWait.java:303)
	at org.openqa.selenium.support.ui.FluentWait.until(FluentWait.java:271)
	at org.automation.helpers.selenium.WebElementFinder.GetElement(WebElementFinder.java:17)
	at com.automation.angular.pageobjects.BankLoginPage.CustomerLoginBtn(BankLoginPage.java:13)
	at com.automation.angular.pageobjects.BankLoginPage.ClickOnCustomerLoginButton(BankLoginPage.java:21)
	at org.automation.testcases.AngularTests.AngularApplicationTest(AngularTests.java:15)
Caused by: org.openqa.selenium.NoSuchElementException: Cannot locate an element using [unknown locator]
For documentation on this error, please visit: http://seleniumhq.org/exceptions/no_such_element.html
Build info: version: '3.11.0', revision: 'e59cfb3', time: '2018-03-11T20:26:55.152Z'
System info: host: 'DESKTOP-94HMJT1', ip: '192.168.1.5', os.name: 'Windows 10', os.arch: 'amd64', os.version: '10.0', java.version: '1.8.0_171'
Driver info: driver.version: RemoteWebDriver
	at org.openqa.selenium.By.findElement(By.java:162)
	at org.openqa.selenium.remote.RemoteWebDriver.findElement(RemoteWebDriver.java:311)
	at org.automation.helpers.selenium.WebElementFinder$1.apply(WebElementFinder.java:19)
	at org.automation.helpers.selenium.WebElementFinder$1.apply(WebElementFinder.java:1)
	at org.openqa.selenium.support.ui.FluentWait.until(FluentWait.java:248)
	... 29 more
... Removed 25 stack frames]]>
    </failure>
  </testcase> <!-- AngularApplicationTest -->
  <testcase name="@AfterTest Flush" time="0.0" classname="org.automation.testcases.TestBase">
    <ignored/>
  </testcase> <!-- @AfterTest Flush -->
  <testcase name="@BeforeTest TestIntialization" time="0.0" classname="org.automation.testcases.TestBase">
    <ignored/>
  </testcase> <!-- @BeforeTest TestIntialization -->
</testsuite> <!-- Regression -->
