<?xml version="1.0" encoding="UTF-8"?>
<testng-results skipped="0" failed="1" ignored="2" total="4" passed="1">
  <reporter-output>
  </reporter-output>
  <suite name="Regression" duration-ms="44563" started-at="2018-08-18T16:23:10Z" finished-at="2018-08-18T16:23:55Z">
    <groups>
    </groups>
    <test name="Regression" duration-ms="44563" started-at="2018-08-18T16:23:10Z" finished-at="2018-08-18T16:23:55Z">
      <class name="org.automation.testcases.LoginTest">
        <test-method status="PASS" signature="TestIntialization()[pri:0, instance:org.automation.testcases.LoginTest@7c16905e]" name="TestIntialization" is-config="true" duration-ms="3978" started-at="2018-08-18T21:53:10Z" finished-at="2018-08-18T21:53:14Z">
          <reporter-output>
          </reporter-output>
        </test-method> <!-- TestIntialization -->
        <test-method status="PASS" signature="LoginWithCredentials()[pri:0, instance:org.automation.testcases.LoginTest@7c16905e]" name="LoginWithCredentials" duration-ms="7775" started-at="2018-08-18T21:53:14Z" finished-at="2018-08-18T21:53:22Z">
          <reporter-output>
          </reporter-output>
        </test-method> <!-- LoginWithCredentials -->
        <test-method status="PASS" signature="Flush()[pri:0, instance:org.automation.testcases.LoginTest@7c16905e]" name="Flush" is-config="true" duration-ms="125" started-at="2018-08-18T21:53:55Z" finished-at="2018-08-18T21:53:55Z">
          <reporter-output>
          </reporter-output>
        </test-method> <!-- Flush -->
      </class> <!-- org.automation.testcases.LoginTest -->
      <class name="org.automation.testcases.AngularTests">
        <test-method status="FAIL" signature="AngularApplicationTest()[pri:0, instance:org.automation.testcases.AngularTests@2a2d45ba]" name="AngularApplicationTest" duration-ms="32662" started-at="2018-08-18T21:53:22Z" finished-at="2018-08-18T21:53:55Z">
          <exception class="org.openqa.selenium.TimeoutException">
            <message>
              <![CDATA[Expected condition failed: waiting for org.automation.helpers.selenium.WebElementFinder$1@a38c7fe (tried for 30 second(s) with 600 milliseconds interval)]]>
            </message>
            <full-stacktrace>
              <![CDATA[org.openqa.selenium.TimeoutException: Expected condition failed: waiting for org.automation.helpers.selenium.WebElementFinder$1@a38c7fe (tried for 30 second(s) with 600 milliseconds interval)
	at org.openqa.selenium.support.ui.FluentWait.timeoutException(FluentWait.java:303)
	at org.openqa.selenium.support.ui.FluentWait.until(FluentWait.java:271)
	at org.automation.helpers.selenium.WebElementFinder.GetElement(WebElementFinder.java:17)
	at com.automation.angular.pageobjects.BankLoginPage.CustomerLoginBtn(BankLoginPage.java:13)
	at com.automation.angular.pageobjects.BankLoginPage.ClickOnCustomerLoginButton(BankLoginPage.java:21)
	at org.automation.testcases.AngularTests.AngularApplicationTest(AngularTests.java:15)
	at sun.reflect.NativeMethodAccessorImpl.invoke0(Native Method)
	at sun.reflect.NativeMethodAccessorImpl.invoke(Unknown Source)
	at sun.reflect.DelegatingMethodAccessorImpl.invoke(Unknown Source)
	at java.lang.reflect.Method.invoke(Unknown Source)
	at org.testng.internal.MethodInvocationHelper.invokeMethod(MethodInvocationHelper.java:108)
	at org.testng.internal.Invoker.invokeMethod(Invoker.java:661)
	at org.testng.internal.Invoker.invokeTestMethod(Invoker.java:869)
	at org.testng.internal.Invoker.invokeTestMethods(Invoker.java:1193)
	at org.testng.internal.TestMethodWorker.invokeTestMethods(TestMethodWorker.java:126)
	at org.testng.internal.TestMethodWorker.run(TestMethodWorker.java:109)
	at org.testng.TestRunner.privateRun(TestRunner.java:744)
	at org.testng.TestRunner.run(TestRunner.java:602)
	at org.testng.SuiteRunner.runTest(SuiteRunner.java:380)
	at org.testng.SuiteRunner.runSequentially(SuiteRunner.java:375)
	at org.testng.SuiteRunner.privateRun(SuiteRunner.java:340)
	at org.testng.SuiteRunner.run(SuiteRunner.java:289)
	at org.testng.SuiteRunnerWorker.runSuite(SuiteRunnerWorker.java:52)
	at org.testng.SuiteRunnerWorker.run(SuiteRunnerWorker.java:86)
	at org.testng.TestNG.runSuitesSequentially(TestNG.java:1301)
	at org.testng.TestNG.runSuitesLocally(TestNG.java:1226)
	at org.testng.TestNG.runSuites(TestNG.java:1144)
	at org.testng.TestNG.run(TestNG.java:1115)
	at org.testng.remote.AbstractRemoteTestNG.run(AbstractRemoteTestNG.java:114)
	at org.testng.remote.RemoteTestNG.initAndRun(RemoteTestNG.java:251)
	at org.testng.remote.RemoteTestNG.main(RemoteTestNG.java:77)
Caused by: org.openqa.selenium.NoSuchElementException: Cannot locate an element using [unknown locator]
For documentation on this error, please visit: http://seleniumhq.org/exceptions/no_such_element.html
Build info: version: '3.11.0', revision: 'e59cfb3', time: '2018-03-11T20:26:55.152Z'
System info: host: 'DESKTOP-94HMJT1', ip: '192.168.1.5', os.name: 'Windows 10', os.arch: 'amd64', os.version: '10.0', java.version: '1.8.0_171'
Driver info: driver.version: RemoteWebDriver
	at org.openqa.selenium.By.findElement(By.java:162)
	at org.openqa.selenium.remote.RemoteWebDriver.findElement(RemoteWebDriver.java:311)
	at org.automation.helpers.selenium.WebElementFinder$1.apply(WebElementFinder.java:19)
	at org.automation.helpers.selenium.WebElementFinder$1.apply(WebElementFinder.java:1)
	at org.openqa.selenium.support.ui.FluentWait.until(FluentWait.java:248)
	... 29 more
]]>
            </full-stacktrace>
          </exception> <!-- org.openqa.selenium.TimeoutException -->
          <reporter-output>
          </reporter-output>
        </test-method> <!-- AngularApplicationTest -->
      </class> <!-- org.automation.testcases.AngularTests -->
    </test> <!-- Regression -->
  </suite> <!-- Regression -->
</testng-results>
